<?xml version="1.0" encoding="UTF-8"?>
<!-- Generated by org.testng.reporters.JUnitXMLReporter -->
<testsuite ignored="0" hostname="DESKTOP-7114NCB" failures="0" tests="4" name="Tests" time="2.634" errors="0" timestamp="2023-05-26T16:59:17 IST">
  <testcase classname="com.Brinytime.Testyantra.genericutility.Baseclass" name="@BeforeClass beforeclassconfig" time="1.525">
    <failure type="java.lang.IllegalStateException" message="The path to the driver executable Unable to locate the chromedriver executable; for more information on how to install drivers, see https://www.selenium.dev/documentation/webdriver/getting_started/install_drivers/">
      <![CDATA[java.lang.IllegalStateException: The path to the driver executable Unable to locate the chromedriver executable; for more information on how to install drivers, see https://www.selenium.dev/documentation/webdriver/getting_started/install_drivers/
at org.openqa.selenium.internal.Require$StateChecker.nonNull(Require.java:314)
at org.openqa.selenium.remote.service.DriverFinder.getPath(DriverFinder.java:34)
at org.openqa.selenium.chrome.ChromeDriver.generateExecutor(ChromeDriver.java:98)
at org.openqa.selenium.chrome.ChromeDriver.<init>(ChromeDriver.java:88)
at org.openqa.selenium.chrome.ChromeDriver.<init>(ChromeDriver.java:84)
at org.openqa.selenium.chrome.ChromeDriver.<init>(ChromeDriver.java:52)
at com.Brinytime.Testyantra.genericutility.Baseclass.beforeclassconfig(Baseclass.java:34)
at java.base/java.util.ArrayList.forEach(ArrayList.java:1511)
... Removed 25 stack frames]]>
    </failure>
  </testcase> <!-- @BeforeClass beforeclassconfig -->
  <testcase classname="com.Brinytime.Testyantra.genericutility.Baseclass" name="@BeforeMethod beforemethod_config" time="0.0">
    <skipped/>
  </testcase> <!-- @BeforeMethod beforemethod_config -->
  <testcase classname="com.Brinytime.Testyantra.genericutility.Baseclass" name="@AfterMethod aftermethod_config" time="0.0">
    <skipped/>
  </testcase> <!-- @AfterMethod aftermethod_config -->
  <testcase classname="com.Brinytime.Testyantra.genericutility.Baseclass" name="@AfterClass afterclass_config" time="0.0">
    <skipped/>
  </testcase> <!-- @AfterClass afterclass_config -->
  <testcase classname="com.Brinytime.Testyantra.genericutility.Baseclass" name="@BeforeClass beforeclassconfig" time="0.292">
    <failure type="java.lang.IllegalStateException" message="The path to the driver executable Unable to locate the chromedriver executable; for more information on how to install drivers, see https://www.selenium.dev/documentation/webdriver/getting_started/install_drivers/">
      <![CDATA[java.lang.IllegalStateException: The path to the driver executable Unable to locate the chromedriver executable; for more information on how to install drivers, see https://www.selenium.dev/documentation/webdriver/getting_started/install_drivers/
at org.openqa.selenium.internal.Require$StateChecker.nonNull(Require.java:314)
at org.openqa.selenium.remote.service.DriverFinder.getPath(DriverFinder.java:34)
at org.openqa.selenium.chrome.ChromeDriver.generateExecutor(ChromeDriver.java:98)
at org.openqa.selenium.chrome.ChromeDriver.<init>(ChromeDriver.java:88)
at org.openqa.selenium.chrome.ChromeDriver.<init>(ChromeDriver.java:84)
at org.openqa.selenium.chrome.ChromeDriver.<init>(ChromeDriver.java:52)
at com.Brinytime.Testyantra.genericutility.Baseclass.beforeclassconfig(Baseclass.java:34)
at java.base/java.util.ArrayList.forEach(ArrayList.java:1511)
... Removed 25 stack frames]]>
    </failure>
  </testcase> <!-- @BeforeClass beforeclassconfig -->
  <testcase classname="com.Brinytime.Testyantra.genericutility.Baseclass" name="@BeforeMethod beforemethod_config" time="0.0">
    <skipped/>
  </testcase> <!-- @BeforeMethod beforemethod_config -->
  <testcase classname="com.Brinytime.Testyantra.genericutility.Baseclass" name="@AfterMethod aftermethod_config" time="0.0">
    <skipped/>
  </testcase> <!-- @AfterMethod aftermethod_config -->
  <testcase classname="com.Brinytime.Testyantra.genericutility.Baseclass" name="@AfterClass afterclass_config" time="0.0">
    <skipped/>
  </testcase> <!-- @AfterClass afterclass_config -->
  <testcase classname="com.Brinytime.Testyantra.genericutility.Baseclass" name="@BeforeClass beforeclassconfig" time="0.353">
    <failure type="java.lang.IllegalStateException" message="The path to the driver executable Unable to locate the chromedriver executable; for more information on how to install drivers, see https://www.selenium.dev/documentation/webdriver/getting_started/install_drivers/">
      <![CDATA[java.lang.IllegalStateException: The path to the driver executable Unable to locate the chromedriver executable; for more information on how to install drivers, see https://www.selenium.dev/documentation/webdriver/getting_started/install_drivers/
at org.openqa.selenium.internal.Require$StateChecker.nonNull(Require.java:314)
at org.openqa.selenium.remote.service.DriverFinder.getPath(DriverFinder.java:34)
at org.openqa.selenium.chrome.ChromeDriver.generateExecutor(ChromeDriver.java:98)
at org.openqa.selenium.chrome.ChromeDriver.<init>(ChromeDriver.java:88)
at org.openqa.selenium.chrome.ChromeDriver.<init>(ChromeDriver.java:84)
at org.openqa.selenium.chrome.ChromeDriver.<init>(ChromeDriver.java:52)
at com.Brinytime.Testyantra.genericutility.Baseclass.beforeclassconfig(Baseclass.java:34)
at java.base/java.util.ArrayList.forEach(ArrayList.java:1511)
... Removed 25 stack frames]]>
    </failure>
  </testcase> <!-- @BeforeClass beforeclassconfig -->
  <testcase classname="com.Brinytime.Testyantra.genericutility.Baseclass" name="@BeforeMethod beforemethod_config" time="0.0">
    <skipped/>
  </testcase> <!-- @BeforeMethod beforemethod_config -->
  <testcase classname="com.Brinytime.Testyantra.genericutility.Baseclass" name="@AfterMethod aftermethod_config" time="0.0">
    <skipped/>
  </testcase> <!-- @AfterMethod aftermethod_config -->
  <testcase classname="com.Brinytime.Testyantra.genericutility.Baseclass" name="@AfterClass afterclass_config" time="0.0">
    <skipped/>
  </testcase> <!-- @AfterClass afterclass_config -->
  <testcase classname="com.Brinytime.Testyantra.genericutility.Baseclass" name="@BeforeClass beforeclassconfig" time="0.262">
    <failure type="java.lang.IllegalStateException" message="The path to the driver executable Unable to locate the chromedriver executable; for more information on how to install drivers, see https://www.selenium.dev/documentation/webdriver/getting_started/install_drivers/">
      <![CDATA[java.lang.IllegalStateException: The path to the driver executable Unable to locate the chromedriver executable; for more information on how to install drivers, see https://www.selenium.dev/documentation/webdriver/getting_started/install_drivers/
at org.openqa.selenium.internal.Require$StateChecker.nonNull(Require.java:314)
at org.openqa.selenium.remote.service.DriverFinder.getPath(DriverFinder.java:34)
at org.openqa.selenium.chrome.ChromeDriver.generateExecutor(ChromeDriver.java:98)
at org.openqa.selenium.chrome.ChromeDriver.<init>(ChromeDriver.java:88)
at org.openqa.selenium.chrome.ChromeDriver.<init>(ChromeDriver.java:84)
at org.openqa.selenium.chrome.ChromeDriver.<init>(ChromeDriver.java:52)
at com.Brinytime.Testyantra.genericutility.Baseclass.beforeclassconfig(Baseclass.java:34)
at java.base/java.util.ArrayList.forEach(ArrayList.java:1511)
... Removed 25 stack frames]]>
    </failure>
  </testcase> <!-- @BeforeClass beforeclassconfig -->
  <testcase classname="com.Brinytime.Testyantra.genericutility.Baseclass" name="@BeforeMethod beforemethod_config" time="0.0">
    <skipped/>
  </testcase> <!-- @BeforeMethod beforemethod_config -->
  <testcase classname="com.Brinytime.Testyantra.genericutility.Baseclass" name="@AfterMethod aftermethod_config" time="0.0">
    <skipped/>
  </testcase> <!-- @AfterMethod aftermethod_config -->
  <testcase classname="com.Brinytime.Testyantra.genericutility.Baseclass" name="@AfterClass afterclass_config" time="0.0">
    <skipped/>
  </testcase> <!-- @AfterClass afterclass_config -->
  <testcase classname="com.Ecommerce.BrinytimeLogin.SignUpUsingMapMethodTest" name="signup" time="0.0">
    <skipped/>
  </testcase> <!-- signup -->
  <testcase classname="com.Ecommerce.BrinytimeLogin.AddToCartTest" name="addproductToCart" time="0.0">
    <skipped/>
  </testcase> <!-- addproductToCart -->
  <testcase classname="com.Ecommerce.BrinytimeLogin.TrackOrderTest" name="trackOrder" time="0.001">
    <skipped/>
  </testcase> <!-- trackOrder -->
  <testcase classname="com.Ecommerce.BrinytimeLogin.RemoveProductFromCartTest" name="removeProductFromCart" time="0.003">
    <skipped/>
  </testcase> <!-- removeProductFromCart -->
</testsuite> <!-- Tests -->
